<?xml version="1.0" encoding="UTF-8"?>
<testng-results ignored="0" total="1" passed="1" failed="0" skipped="0">
  <reporter-output>
  </reporter-output>
  <suite started-at="2022-05-21T14:05:41 IST" name="Default suite" finished-at="2022-05-21T14:05:46 IST" duration-ms="4758">
    <groups>
    </groups>
    <test started-at="2022-05-21T14:05:41 IST" name="Default test" finished-at="2022-05-21T14:05:46 IST" duration-ms="4758">
      <class name="test1.Sample1">
        <test-method is-config="true" signature="setup()[pri:0, instance:test1.Sample1@ffaa6af]" started-at="2022-05-21T14:05:41 IST" name="setup" finished-at="2022-05-21T14:05:43 IST" duration-ms="2647" status="PASS">
          <reporter-output>
          </reporter-output>
        </test-method> <!-- setup -->
        <test-method signature="firstProgram()[pri:0, instance:test1.Sample1@ffaa6af]" started-at="2022-05-21T14:05:43 IST" name="firstProgram" finished-at="2022-05-21T14:05:46 IST" duration-ms="2088" status="PASS">
          <reporter-output>
          </reporter-output>
        </test-method> <!-- firstProgram -->
      </class> <!-- test1.Sample1 -->
    </test> <!-- Default test -->
  </suite> <!-- Default suite -->
</testng-results>
